
 -----------------------------------------------
      Restrained ESP Fit 2.3  Amber 4.1
 -----------------------------------------------
 Resp charges for organic molecule                                               
 -----------------------------------------------


 inopt       =     0   ioutopt     =     1
 nmol        =     1   iqopt       =     0
 ihfree      =     1   irstrnt     =     1
 iunits      =     0   qwt         =   0.00050000
 wtmol(1) =     1.000000
 subtitle:

Resp charges for organic molecule                                               
ich =  -1  iuniq =   4
    1    7    0
    2    8    0
    3    8    2
    4    8    2

  ----------------------------------------------------------------------------
     ATOM                       COORDINATES                         CHARGE
                       X             Y                Z
  ----------------------------------------------------------------------------
  ----------------------------------------------------------------------------


 Charge on the molecule(ich) =   -1
 Total number of atoms (iuniq)     =    4
 Weight factor on initial charge restraints(qwt)=     0.50000D-03


  there are  1 charge constraints:


     1       1
     2       1
     3       1
     4       1

 Reading esp"s for molecule   1
 total number of atoms      =     4
 total number of esp points = 26353


 center     X       Y       Z 
    1   0.0000000E+00  -0.1133836E-04   0.0000000E+00
    2   0.2173937E+01  -0.9908873E+00   0.0000000E+00
    3  -0.1945239E+01  -0.1387276E+01   0.0000000E+00
    4  -0.2286984E+00   0.2378173E+01   0.0000000E+00
 Initial ssvpot =   592.621


 Number of unique UNfrozen centers=    2

 Non-linear optimization requested.
 qchnge =    0.3750521379    
 qchnge =    0.5053360239E-04
 qchnge =    0.3786683041E-07

 Convergence in    2 iterations


Resp charges for organic molecule                                               

          Point Charges Before & After Optimization

    no.  At.no.    q(init)       q(opt)     ivary    d(rstr)/dq
    1   7       0.000000       0.974761      0       0.000510
    2   8       0.000000      -0.658254      0       0.000751
    3   8       0.000000      -0.658254      2       0.000751
    4   8       0.000000      -0.658254      2       0.000751

 Sum over the calculated charges:     -1.000

        Statistics of the fitting:
  The initial sum of squares (ssvpot)                    592.621
  The residual sum of squares (chipot)                     0.059
  The std err of estimate (sqrt(chipot/N))               0.00149
  ESP relative RMS (SQRT(chipot/ssvpot))                 0.00997

 Center of Mass (Angst.):

 X  =   0.00000      Y  =   0.00000      Z  =   0.00000

 Dipole (Debye):

 X  =   0.00000      Y  =  -0.00004      Z  =   0.00000

 Dipole Moment (Debye)=   0.00004

 Quadrupole (Debye*Angst.):

 Qxx =  -7.58100     QYY =  -7.58057     QZZ =  15.16157
 Qxy =  15.16005     QXZ =  15.16157     QYZ =  15.16157
